# JRE version: OpenJDK Runtime Environment (8.0_345-b01) (build 1.8.0_345-b01)
# Java VM: OpenJDK 64-Bit Server VM (25.345-b01 mixed mode windows-amd64 compressed oops)
Heap:
 PSYoungGen      total 75776K, used 66296K [0x000000076bb00000, 0x0000000770f80000, 0x00000007c0000000)
  eden space 65024K, 88% used [0x000000076bb00000,0x000000076f31a898,0x000000076fa80000)
  from space 10752K, 82% used [0x000000076fa80000,0x00000007703238c8,0x0000000770500000)
  to   space 10752K, 57% used [0x0000000770500000,0x0000000770b0baa0,0x0000000770f80000)
 ParOldGen       total 173568K, used 32K [0x00000006c3000000, 0x00000006cd980000, 0x000000076bb00000)
  object space 173568K, 0% used [0x00000006c3000000,0x00000006c3008000,0x00000006cd980000)
 Metaspace       used 20332K, capacity 21186K, committed 21248K, reserved 1067008K
  class space    used 2596K, capacity 2783K, committed 2816K, reserved 1048576K
GC Heap History (3 events):
Event: 2.129 GC heap before
{Heap before GC invocations=1 (full 0):
 PSYoungGen      total 75776K, used 65024K [0x000000076bb00000, 0x0000000770f80000, 0x00000007c0000000)
  eden space 65024K, 100% used [0x000000076bb00000,0x000000076fa80000,0x000000076fa80000)
  from space 10752K, 0% used [0x0000000770500000,0x0000000770500000,0x0000000770f80000)
  to   space 10752K, 0% used [0x000000076fa80000,0x000000076fa80000,0x0000000770500000)
 ParOldGen       total 173568K, used 0K [0x00000006c3000000, 0x00000006cd980000, 0x000000076bb00000)
  object space 173568K, 0% used [0x00000006c3000000,0x00000006c3000000,0x00000006cd980000)
 Metaspace       used 14884K, capacity 15582K, committed 15744K, reserved 1062912K
  class space    used 1926K, capacity 2109K, committed 2176K, reserved 1048576K
Event: 2.136 GC heap after
Heap after GC invocations=1 (full 0):
 PSYoungGen      total 75776K, used 8846K [0x000000076bb00000, 0x0000000770f80000, 0x00000007c0000000)
  eden space 65024K, 0% used [0x000000076bb00000,0x000000076bb00000,0x000000076fa80000)
  from space 10752K, 82% used [0x000000076fa80000,0x00000007703238c8,0x0000000770500000)
  to   space 10752K, 0% used [0x0000000770500000,0x0000000770500000,0x0000000770f80000)
 ParOldGen       total 173568K, used 24K [0x00000006c3000000, 0x00000006cd980000, 0x000000076bb00000)
  object space 173568K, 0% used [0x00000006c3000000,0x00000006c3006000,0x00000006cd980000)
 Metaspace       used 14884K, capacity 15582K, committed 15744K, reserved 1062912K
  class space    used 1926K, capacity 2109K, committed 2176K, reserved 1048576K
}
Event: 2.414 GC heap before
{Heap before GC invocations=2 (full 0):
 PSYoungGen      total 75776K, used 66296K [0x000000076bb00000, 0x0000000770f80000, 0x00000007c0000000)
  eden space 65024K, 88% used [0x000000076bb00000,0x000000076f31a898,0x000000076fa80000)
  from space 10752K, 82% used [0x000000076fa80000,0x00000007703238c8,0x0000000770500000)
  to   space 10752K, 0% used [0x0000000770500000,0x0000000770500000,0x0000000770f80000)
 ParOldGen       total 173568K, used 24K [0x00000006c3000000, 0x00000006cd980000, 0x000000076bb00000)
  object space 173568K, 0% used [0x00000006c3000000,0x00000006c3006000,0x00000006cd980000)
 Metaspace       used 20332K, capacity 21186K, committed 21248K, reserved 1067008K
  class space    used 2596K, capacity 2783K, committed 2816K, reserved 1048576K

